
*** Running vivado
    with args -log top_module.vds -m64 -product Vivado -mode batch -messageDb vivado.pb -notrace -source top_module.tcl



****** Vivado v2024.1 (64-bit)
  **** SW Build 5076996 on Wed May 22 18:37:14 MDT 2024
  **** IP Build 5075265 on Wed May 22 21:45:21 MDT 2024
  **** SharedData Build 5076995 on Wed May 22 18:29:18 MDT 2024
  **** Start of session at: Wed Nov  6 17:45:53 2024
    ** Copyright 1986-2022 Xilinx, Inc. All Rights Reserved.
    ** Copyright 2022-2024 Advanced Micro Devices, Inc. All Rights Reserved.

source top_module.tcl -notrace
create_project: Time (s): cpu = 00:00:03 ; elapsed = 00:00:07 . Memory (MB): peak = 515.211 ; gain = 202.816
Command: read_checkpoint -auto_incremental -incremental C:/Users/Sujan/Downloads/final_project/final_project.srcs/utils_1/imports/synth_1/top_module.dcp
INFO: [Vivado 12-5825] Read reference checkpoint from C:/Users/Sujan/Downloads/final_project/final_project.srcs/utils_1/imports/synth_1/top_module.dcp for incremental synthesis
INFO: [Vivado 12-7989] Please ensure there are no constraint changes
Command: synth_design -top top_module -part xc7a100tcsg324-1
Starting synth_design
Attempting to get a license for feature 'Synthesis' and/or device 'xc7a100t'
INFO: [Common 17-349] Got license for feature 'Synthesis' and/or device 'xc7a100t'
INFO: [Device 21-403] Loading part xc7a100tcsg324-1
INFO: [Device 21-9227] Part: xc7a100tcsg324-1 does not have CEAM library.
INFO: [Designutils 20-5440] No compile time benefit to using incremental synthesis; A full resynthesis will be run
INFO: [Designutils 20-4379] Flow is switching to default flow due to incremental criteria not met. If you would like to alter this behaviour and have the flow terminate instead, please set the following parameter config_implementation {autoIncr.Synth.RejectBehavior Terminate}
INFO: [Synth 8-7079] Multithreading enabled for synth_design using a maximum of 2 processes.
INFO: [Synth 8-7078] Launching helper process for spawning children vivado processes
INFO: [Synth 8-7075] Helper process launched with PID 15592
---------------------------------------------------------------------------------
Starting RTL Elaboration : Time (s): cpu = 00:00:06 ; elapsed = 00:00:10 . Memory (MB): peak = 1393.816 ; gain = 449.789
---------------------------------------------------------------------------------
INFO: [Synth 8-11241] undeclared symbol 'm7_sel', assumed default net type 'wire' [C:/Users/Sujan/Downloads/final_project/final_project.srcs/sources_1/new/data_path.v:91]
INFO: [Synth 8-6157] synthesizing module 'top_module' [C:/Users/Sujan/Downloads/final_project/final_project.srcs/sources_1/new/top_module.v:23]
INFO: [Synth 8-6157] synthesizing module 'data_path' [C:/Users/Sujan/Downloads/final_project/final_project.srcs/sources_1/new/data_path.v:23]
INFO: [Synth 8-6157] synthesizing module 'Adder_32' [C:/Users/Sujan/Downloads/ALU_final.srcs/ALU_final.srcs/sources_1/new/Adder_32.v:23]
INFO: [Synth 8-6157] synthesizing module 'SixteenAdder' [C:/Users/Sujan/Downloads/ALU_final.srcs/ALU_final.srcs/sources_1/new/SixteenAdder.v:22]
INFO: [Synth 8-6157] synthesizing module 'EightBitAdder' [C:/Users/Sujan/Downloads/ALU_final.srcs/ALU_final.srcs/sources_1/new/EightBitAdder.v:23]
INFO: [Synth 8-6157] synthesizing module 'FourBitAdder' [C:/Users/Sujan/Downloads/ALU_final.srcs/ALU_final.srcs/sources_1/new/FourBitAdder.v:23]
INFO: [Synth 8-6157] synthesizing module 'full_adder' [C:/Users/Sujan/Downloads/ALU_final.srcs/ALU_final.srcs/sources_1/new/full_adder.v:23]
INFO: [Synth 8-6157] synthesizing module 'half_adder' [C:/Users/Sujan/Downloads/ALU_final.srcs/ALU_final.srcs/sources_1/new/half_adder.v:23]
INFO: [Synth 8-6155] done synthesizing module 'half_adder' (0#1) [C:/Users/Sujan/Downloads/ALU_final.srcs/ALU_final.srcs/sources_1/new/half_adder.v:23]
INFO: [Synth 8-6155] done synthesizing module 'full_adder' (0#1) [C:/Users/Sujan/Downloads/ALU_final.srcs/ALU_final.srcs/sources_1/new/full_adder.v:23]
INFO: [Synth 8-6155] done synthesizing module 'FourBitAdder' (0#1) [C:/Users/Sujan/Downloads/ALU_final.srcs/ALU_final.srcs/sources_1/new/FourBitAdder.v:23]
INFO: [Synth 8-6155] done synthesizing module 'EightBitAdder' (0#1) [C:/Users/Sujan/Downloads/ALU_final.srcs/ALU_final.srcs/sources_1/new/EightBitAdder.v:23]
INFO: [Synth 8-6155] done synthesizing module 'SixteenAdder' (0#1) [C:/Users/Sujan/Downloads/ALU_final.srcs/ALU_final.srcs/sources_1/new/SixteenAdder.v:22]
INFO: [Synth 8-6155] done synthesizing module 'Adder_32' (0#1) [C:/Users/Sujan/Downloads/ALU_final.srcs/ALU_final.srcs/sources_1/new/Adder_32.v:23]
INFO: [Synth 8-6157] synthesizing module 'MUX' [C:/Users/Sujan/Downloads/final_project/final_project.srcs/sources_1/new/MUX.v:23]
INFO: [Synth 8-6155] done synthesizing module 'MUX' (0#1) [C:/Users/Sujan/Downloads/final_project/final_project.srcs/sources_1/new/MUX.v:23]
INFO: [Synth 8-6157] synthesizing module 'MUX1' [C:/Users/Sujan/Downloads/final_project/final_project.srcs/sources_1/new/MUX1.v:23]
INFO: [Synth 8-6155] done synthesizing module 'MUX1' (0#1) [C:/Users/Sujan/Downloads/final_project/final_project.srcs/sources_1/new/MUX1.v:23]
INFO: [Synth 8-6157] synthesizing module 'RB' [C:/Users/Sujan/Downloads/final_project/final_project.srcs/sources_1/new/RB.v:23]
INFO: [Synth 8-6155] done synthesizing module 'RB' (0#1) [C:/Users/Sujan/Downloads/final_project/final_project.srcs/sources_1/new/RB.v:23]
INFO: [Synth 8-6157] synthesizing module 'sign_ext' [C:/Users/Sujan/Downloads/final_project/final_project.srcs/sources_1/new/sign_ext.v:23]
INFO: [Synth 8-6155] done synthesizing module 'sign_ext' (0#1) [C:/Users/Sujan/Downloads/final_project/final_project.srcs/sources_1/new/sign_ext.v:23]
INFO: [Synth 8-6157] synthesizing module 'ALU' [C:/Users/Sujan/Downloads/final_project/final_project.srcs/sources_1/new/ALU.v:23]
INFO: [Synth 8-6157] synthesizing module 'EightBitSubtractor' [C:/Users/Sujan/Downloads/ALU_final.srcs/ALU_final.srcs/sources_1/new/EightBitSubtractor.v:23]
INFO: [Synth 8-6155] done synthesizing module 'EightBitSubtractor' (0#1) [C:/Users/Sujan/Downloads/ALU_final.srcs/ALU_final.srcs/sources_1/new/EightBitSubtractor.v:23]
INFO: [Synth 8-6157] synthesizing module 'AND_32' [C:/Users/Sujan/Downloads/ALU_final.srcs/ALU_final.srcs/sources_1/new/AND_32.v:23]
INFO: [Synth 8-6157] synthesizing module 'AND' [C:/Users/Sujan/Downloads/ALU_final.srcs/ALU_final.srcs/sources_1/new/AND.v:23]
INFO: [Synth 8-6155] done synthesizing module 'AND' (0#1) [C:/Users/Sujan/Downloads/ALU_final.srcs/ALU_final.srcs/sources_1/new/AND.v:23]
INFO: [Synth 8-6155] done synthesizing module 'AND_32' (0#1) [C:/Users/Sujan/Downloads/ALU_final.srcs/ALU_final.srcs/sources_1/new/AND_32.v:23]
INFO: [Synth 8-6157] synthesizing module 'OR_32' [C:/Users/Sujan/Downloads/ALU_final.srcs/ALU_final.srcs/sources_1/new/OR_32.v:23]
INFO: [Synth 8-6157] synthesizing module 'OR' [C:/Users/Sujan/Downloads/ALU_final.srcs/ALU_final.srcs/sources_1/new/OR.v:23]
INFO: [Synth 8-6155] done synthesizing module 'OR' (0#1) [C:/Users/Sujan/Downloads/ALU_final.srcs/ALU_final.srcs/sources_1/new/OR.v:23]
INFO: [Synth 8-6155] done synthesizing module 'OR_32' (0#1) [C:/Users/Sujan/Downloads/ALU_final.srcs/ALU_final.srcs/sources_1/new/OR_32.v:23]
INFO: [Synth 8-6157] synthesizing module 'XOR_32' [C:/Users/Sujan/Downloads/ALU_final.srcs/ALU_final.srcs/sources_1/new/XOR_32.v:23]
INFO: [Synth 8-6157] synthesizing module 'XOR' [C:/Users/Sujan/Downloads/ALU_final.srcs/ALU_final.srcs/sources_1/new/XOR.v:23]
INFO: [Synth 8-6155] done synthesizing module 'XOR' (0#1) [C:/Users/Sujan/Downloads/ALU_final.srcs/ALU_final.srcs/sources_1/new/XOR.v:23]
INFO: [Synth 8-6155] done synthesizing module 'XOR_32' (0#1) [C:/Users/Sujan/Downloads/ALU_final.srcs/ALU_final.srcs/sources_1/new/XOR_32.v:23]
INFO: [Synth 8-6157] synthesizing module 'complementer' [C:/Users/Sujan/Downloads/ALU_final.srcs/ALU_final.srcs/sources_1/new/complementer.v:23]
INFO: [Synth 8-6155] done synthesizing module 'complementer' (0#1) [C:/Users/Sujan/Downloads/ALU_final.srcs/ALU_final.srcs/sources_1/new/complementer.v:23]
INFO: [Synth 8-6157] synthesizing module 'left_shift_32bit' [C:/Users/Sujan/Downloads/ALU_final.srcs/ALU_final.srcs/sources_1/new/left_shift_32bit.v:23]
INFO: [Synth 8-6157] synthesizing module 'MUX_32_to_1' [C:/Users/Sujan/Downloads/ALU_final.srcs/ALU_final.srcs/sources_1/new/MUX_32_to_1.v:23]
INFO: [Synth 8-6157] synthesizing module 'MUX_16_to_1' [C:/Users/Sujan/Downloads/ALU_final.srcs/ALU_final.srcs/sources_1/new/MUX_16_to_1.v:23]
INFO: [Synth 8-6157] synthesizing module 'MUX_8_to_1' [C:/Users/Sujan/Downloads/ALU_final.srcs/ALU_final.srcs/sources_1/new/MUX_8_to_1.v:23]
INFO: [Synth 8-6157] synthesizing module 'MUX_4_to_1' [C:/Users/Sujan/Downloads/ALU_final.srcs/ALU_final.srcs/sources_1/new/MUX_4_to_1.v:23]
INFO: [Synth 8-6157] synthesizing module 'MUX_2_to_1' [C:/Users/Sujan/Downloads/ALU_final.srcs/ALU_final.srcs/sources_1/new/MUX_2_to_1.v:23]
INFO: [Synth 8-6155] done synthesizing module 'MUX_2_to_1' (0#1) [C:/Users/Sujan/Downloads/ALU_final.srcs/ALU_final.srcs/sources_1/new/MUX_2_to_1.v:23]
INFO: [Synth 8-6155] done synthesizing module 'MUX_4_to_1' (0#1) [C:/Users/Sujan/Downloads/ALU_final.srcs/ALU_final.srcs/sources_1/new/MUX_4_to_1.v:23]
INFO: [Synth 8-6155] done synthesizing module 'MUX_8_to_1' (0#1) [C:/Users/Sujan/Downloads/ALU_final.srcs/ALU_final.srcs/sources_1/new/MUX_8_to_1.v:23]
INFO: [Synth 8-6155] done synthesizing module 'MUX_16_to_1' (0#1) [C:/Users/Sujan/Downloads/ALU_final.srcs/ALU_final.srcs/sources_1/new/MUX_16_to_1.v:23]
INFO: [Synth 8-6155] done synthesizing module 'MUX_32_to_1' (0#1) [C:/Users/Sujan/Downloads/ALU_final.srcs/ALU_final.srcs/sources_1/new/MUX_32_to_1.v:23]
INFO: [Synth 8-6155] done synthesizing module 'left_shift_32bit' (0#1) [C:/Users/Sujan/Downloads/ALU_final.srcs/ALU_final.srcs/sources_1/new/left_shift_32bit.v:23]
INFO: [Synth 8-6157] synthesizing module 'logical_right_shift_32bit' [C:/Users/Sujan/Downloads/ALU_final.srcs/ALU_final.srcs/sources_1/new/logical_right_shift_32bit.v:23]
INFO: [Synth 8-6155] done synthesizing module 'logical_right_shift_32bit' (0#1) [C:/Users/Sujan/Downloads/ALU_final.srcs/ALU_final.srcs/sources_1/new/logical_right_shift_32bit.v:23]
INFO: [Synth 8-6157] synthesizing module 'arithmetic_right_shift_32bit' [C:/Users/Sujan/Downloads/ALU_final.srcs/ALU_final.srcs/sources_1/new/arithmetic_right_shift_32bit.v:23]
INFO: [Synth 8-6155] done synthesizing module 'arithmetic_right_shift_32bit' (0#1) [C:/Users/Sujan/Downloads/ALU_final.srcs/ALU_final.srcs/sources_1/new/arithmetic_right_shift_32bit.v:23]
INFO: [Synth 8-6157] synthesizing module 'comparator_32' [C:/Users/Sujan/Downloads/ALU_final.srcs/ALU_final.srcs/sources_1/new/comparator_32.v:23]
INFO: [Synth 8-6155] done synthesizing module 'comparator_32' (0#1) [C:/Users/Sujan/Downloads/ALU_final.srcs/ALU_final.srcs/sources_1/new/comparator_32.v:23]
INFO: [Synth 8-6157] synthesizing module 'HAMM_32bit' [C:/Users/Sujan/Downloads/ALU_final.srcs/ALU_final.srcs/sources_1/new/HAMM_32.v:23]
INFO: [Synth 8-6157] synthesizing module 'HAMM' [C:/Users/Sujan/Downloads/ALU_final.srcs/ALU_final.srcs/sources_1/new/HAMM.v:23]
INFO: [Synth 8-6155] done synthesizing module 'HAMM' (0#1) [C:/Users/Sujan/Downloads/ALU_final.srcs/ALU_final.srcs/sources_1/new/HAMM.v:23]
INFO: [Synth 8-6155] done synthesizing module 'HAMM_32bit' (0#1) [C:/Users/Sujan/Downloads/ALU_final.srcs/ALU_final.srcs/sources_1/new/HAMM_32.v:23]
INFO: [Synth 8-6155] done synthesizing module 'ALU' (0#1) [C:/Users/Sujan/Downloads/final_project/final_project.srcs/sources_1/new/ALU.v:23]
INFO: [Synth 8-6157] synthesizing module 'data_memory' [C:/Users/Sujan/Downloads/final_project/final_project.runs/synth_1/.Xil/Vivado-8556-SUJAN-KGP/realtime/data_memory_stub.v:6]
INFO: [Synth 8-6155] done synthesizing module 'data_memory' (0#1) [C:/Users/Sujan/Downloads/final_project/final_project.runs/synth_1/.Xil/Vivado-8556-SUJAN-KGP/realtime/data_memory_stub.v:6]
INFO: [Synth 8-6157] synthesizing module 'LMD' [C:/Users/Sujan/Downloads/final_project/final_project.srcs/sources_1/new/LMD.v:23]
INFO: [Synth 8-6155] done synthesizing module 'LMD' (0#1) [C:/Users/Sujan/Downloads/final_project/final_project.srcs/sources_1/new/LMD.v:23]
INFO: [Synth 8-6157] synthesizing module 'PC' [C:/Users/Sujan/Downloads/final_project/final_project.srcs/sources_1/new/PC.v:23]
INFO: [Synth 8-6155] done synthesizing module 'PC' (0#1) [C:/Users/Sujan/Downloads/final_project/final_project.srcs/sources_1/new/PC.v:23]
INFO: [Synth 8-6157] synthesizing module 'instr_memory' [C:/Users/Sujan/Downloads/final_project/final_project.runs/synth_1/.Xil/Vivado-8556-SUJAN-KGP/realtime/instr_memory_stub.v:6]
INFO: [Synth 8-6155] done synthesizing module 'instr_memory' (0#1) [C:/Users/Sujan/Downloads/final_project/final_project.runs/synth_1/.Xil/Vivado-8556-SUJAN-KGP/realtime/instr_memory_stub.v:6]
INFO: [Synth 8-6157] synthesizing module 'IN_REG' [C:/Users/Sujan/Downloads/final_project/final_project.srcs/sources_1/new/IN_REG.v:23]
INFO: [Synth 8-6155] done synthesizing module 'IN_REG' (0#1) [C:/Users/Sujan/Downloads/final_project/final_project.srcs/sources_1/new/IN_REG.v:23]
INFO: [Synth 8-6155] done synthesizing module 'data_path' (0#1) [C:/Users/Sujan/Downloads/final_project/final_project.srcs/sources_1/new/data_path.v:23]
INFO: [Synth 8-6157] synthesizing module 'control_path' [C:/Users/Sujan/Downloads/final_project/final_project.srcs/sources_1/new/control_path.v:23]
INFO: [Synth 8-6157] synthesizing module 'step_decoder' [C:/Users/Sujan/Downloads/final_project/final_project.srcs/sources_1/new/step_decoder.v:24]
INFO: [Synth 8-6155] done synthesizing module 'step_decoder' (0#1) [C:/Users/Sujan/Downloads/final_project/final_project.srcs/sources_1/new/step_decoder.v:24]
INFO: [Synth 8-6157] synthesizing module 'instruction_decoder' [C:/Users/Sujan/Downloads/final_project/final_project.srcs/sources_1/new/instruction_decoder.v:23]
INFO: [Synth 8-6155] done synthesizing module 'instruction_decoder' (0#1) [C:/Users/Sujan/Downloads/final_project/final_project.srcs/sources_1/new/instruction_decoder.v:23]
INFO: [Synth 8-6157] synthesizing module 'ALU_function' [C:/Users/Sujan/Downloads/final_project/final_project.srcs/sources_1/new/ALU_function.v:23]
INFO: [Synth 8-6155] done synthesizing module 'ALU_function' (0#1) [C:/Users/Sujan/Downloads/final_project/final_project.srcs/sources_1/new/ALU_function.v:23]
INFO: [Synth 8-6155] done synthesizing module 'control_path' (0#1) [C:/Users/Sujan/Downloads/final_project/final_project.srcs/sources_1/new/control_path.v:23]
INFO: [Synth 8-6155] done synthesizing module 'top_module' (0#1) [C:/Users/Sujan/Downloads/final_project/final_project.srcs/sources_1/new/top_module.v:23]
WARNING: [Synth 8-7129] Port instr[26] in module ALU_function is either unconnected or has no load
WARNING: [Synth 8-7129] Port instr[25] in module ALU_function is either unconnected or has no load
WARNING: [Synth 8-7129] Port instr[24] in module ALU_function is either unconnected or has no load
WARNING: [Synth 8-7129] Port instr[23] in module ALU_function is either unconnected or has no load
WARNING: [Synth 8-7129] Port instr[22] in module ALU_function is either unconnected or has no load
WARNING: [Synth 8-7129] Port instr[21] in module ALU_function is either unconnected or has no load
WARNING: [Synth 8-7129] Port instr[20] in module ALU_function is either unconnected or has no load
WARNING: [Synth 8-7129] Port instr[19] in module ALU_function is either unconnected or has no load
WARNING: [Synth 8-7129] Port instr[18] in module ALU_function is either unconnected or has no load
WARNING: [Synth 8-7129] Port instr[17] in module ALU_function is either unconnected or has no load
WARNING: [Synth 8-7129] Port instr[16] in module ALU_function is either unconnected or has no load
WARNING: [Synth 8-7129] Port instr[15] in module ALU_function is either unconnected or has no load
WARNING: [Synth 8-7129] Port instr[14] in module ALU_function is either unconnected or has no load
WARNING: [Synth 8-7129] Port instr[13] in module ALU_function is either unconnected or has no load
WARNING: [Synth 8-7129] Port instr[12] in module ALU_function is either unconnected or has no load
WARNING: [Synth 8-7129] Port instr[11] in module ALU_function is either unconnected or has no load
WARNING: [Synth 8-7129] Port instr[10] in module ALU_function is either unconnected or has no load
WARNING: [Synth 8-7129] Port instr[9] in module ALU_function is either unconnected or has no load
WARNING: [Synth 8-7129] Port instr[8] in module ALU_function is either unconnected or has no load
WARNING: [Synth 8-7129] Port instr[7] in module ALU_function is either unconnected or has no load
WARNING: [Synth 8-7129] Port instr[6] in module ALU_function is either unconnected or has no load
WARNING: [Synth 8-7129] Port instr[5] in module ALU_function is either unconnected or has no load
WARNING: [Synth 8-7129] Port AB_comp[2] in module ALU_function is either unconnected or has no load
WARNING: [Synth 8-7129] Port AB_comp[1] in module ALU_function is either unconnected or has no load
WARNING: [Synth 8-7129] Port instr[26] in module instruction_decoder is either unconnected or has no load
WARNING: [Synth 8-7129] Port instr[25] in module instruction_decoder is either unconnected or has no load
WARNING: [Synth 8-7129] Port instr[24] in module instruction_decoder is either unconnected or has no load
WARNING: [Synth 8-7129] Port instr[23] in module instruction_decoder is either unconnected or has no load
WARNING: [Synth 8-7129] Port instr[22] in module instruction_decoder is either unconnected or has no load
WARNING: [Synth 8-7129] Port instr[21] in module instruction_decoder is either unconnected or has no load
WARNING: [Synth 8-7129] Port instr[20] in module instruction_decoder is either unconnected or has no load
WARNING: [Synth 8-7129] Port instr[19] in module instruction_decoder is either unconnected or has no load
WARNING: [Synth 8-7129] Port instr[18] in module instruction_decoder is either unconnected or has no load
WARNING: [Synth 8-7129] Port instr[17] in module instruction_decoder is either unconnected or has no load
WARNING: [Synth 8-7129] Port instr[16] in module instruction_decoder is either unconnected or has no load
WARNING: [Synth 8-7129] Port instr[15] in module instruction_decoder is either unconnected or has no load
WARNING: [Synth 8-7129] Port instr[14] in module instruction_decoder is either unconnected or has no load
WARNING: [Synth 8-7129] Port instr[13] in module instruction_decoder is either unconnected or has no load
WARNING: [Synth 8-7129] Port instr[12] in module instruction_decoder is either unconnected or has no load
WARNING: [Synth 8-7129] Port instr[11] in module instruction_decoder is either unconnected or has no load
WARNING: [Synth 8-7129] Port instr[10] in module instruction_decoder is either unconnected or has no load
WARNING: [Synth 8-7129] Port instr[9] in module instruction_decoder is either unconnected or has no load
WARNING: [Synth 8-7129] Port instr[8] in module instruction_decoder is either unconnected or has no load
WARNING: [Synth 8-7129] Port instr[7] in module instruction_decoder is either unconnected or has no load
WARNING: [Synth 8-7129] Port instr[6] in module instruction_decoder is either unconnected or has no load
WARNING: [Synth 8-7129] Port instr[5] in module instruction_decoder is either unconnected or has no load
---------------------------------------------------------------------------------
Finished RTL Elaboration : Time (s): cpu = 00:00:08 ; elapsed = 00:00:14 . Memory (MB): peak = 1521.734 ; gain = 577.707
---------------------------------------------------------------------------------
---------------------------------------------------------------------------------
Start Handling Custom Attributes
---------------------------------------------------------------------------------
---------------------------------------------------------------------------------
Finished Handling Custom Attributes : Time (s): cpu = 00:00:08 ; elapsed = 00:00:15 . Memory (MB): peak = 1521.734 ; gain = 577.707
---------------------------------------------------------------------------------
---------------------------------------------------------------------------------
Finished RTL Optimization Phase 1 : Time (s): cpu = 00:00:08 ; elapsed = 00:00:15 . Memory (MB): peak = 1521.734 ; gain = 577.707
---------------------------------------------------------------------------------
Netlist sorting complete. Time (s): cpu = 00:00:00 ; elapsed = 00:00:00.293 . Memory (MB): peak = 1521.734 ; gain = 0.000
INFO: [Project 1-570] Preparing netlist for logic optimization

Processing XDC Constraints
Initializing timing engine
Parsing XDC File [c:/Users/Sujan/Downloads/final_project/final_project.gen/sources_1/ip/instr_memory/instr_memory/instr_memory_in_context.xdc] for cell 'DP/im'
Finished Parsing XDC File [c:/Users/Sujan/Downloads/final_project/final_project.gen/sources_1/ip/instr_memory/instr_memory/instr_memory_in_context.xdc] for cell 'DP/im'
Parsing XDC File [c:/Users/Sujan/Downloads/final_project/final_project.gen/sources_1/ip/data_memory/data_memory/data_memory_in_context.xdc] for cell 'DP/d1'
Finished Parsing XDC File [c:/Users/Sujan/Downloads/final_project/final_project.gen/sources_1/ip/data_memory/data_memory/data_memory_in_context.xdc] for cell 'DP/d1'
Parsing XDC File [C:/Users/Sujan/Downloads/final_project/final_project.srcs/constrs_1/new/temp.xdc]
Finished Parsing XDC File [C:/Users/Sujan/Downloads/final_project/final_project.srcs/constrs_1/new/temp.xdc]
INFO: [Project 1-236] Implementation specific constraints were found while reading constraint file [C:/Users/Sujan/Downloads/final_project/final_project.srcs/constrs_1/new/temp.xdc]. These constraints will be ignored for synthesis but will be used in implementation. Impacted constraints are listed in the file [.Xil/top_module_propImpl.xdc].
Resolution: To avoid this warning, move constraints listed in [.Xil/top_module_propImpl.xdc] to another XDC file and exclude this new file from synthesis with the used_in_synthesis property (File Properties dialog in GUI) and re-run elaboration/synthesis.
Completed Processing XDC Constraints

Netlist sorting complete. Time (s): cpu = 00:00:00 ; elapsed = 00:00:00.116 . Memory (MB): peak = 1615.066 ; gain = 0.000
INFO: [Project 1-111] Unisim Transformation Summary:
No Unisim elements were transformed.

Constraint Validation Runtime : Time (s): cpu = 00:00:00 ; elapsed = 00:00:00.238 . Memory (MB): peak = 1615.066 ; gain = 0.000
WARNING: [Timing 38-316] Clock period '20.000' specified during out-of-context synthesis of instance 'DP/d1' at clock pin 'clka' is different from the actual clock period '10.000', this can lead to different synthesis results.
WARNING: [Timing 38-316] Clock period '20.000' specified during out-of-context synthesis of instance 'DP/im' at clock pin 'clka' is different from the actual clock period '10.000', this can lead to different synthesis results.
INFO: [Designutils 20-5440] No compile time benefit to using incremental synthesis; A full resynthesis will be run
INFO: [Designutils 20-4379] Flow is switching to default flow due to incremental criteria not met. If you would like to alter this behaviour and have the flow terminate instead, please set the following parameter config_implementation {autoIncr.Synth.RejectBehavior Terminate}
---------------------------------------------------------------------------------
Finished Constraint Validation : Time (s): cpu = 00:00:20 ; elapsed = 00:00:47 . Memory (MB): peak = 1615.270 ; gain = 671.242
---------------------------------------------------------------------------------
---------------------------------------------------------------------------------
Start Loading Part and Timing Information
---------------------------------------------------------------------------------
Loading part: xc7a100tcsg324-1
---------------------------------------------------------------------------------
Finished Loading Part and Timing Information : Time (s): cpu = 00:00:20 ; elapsed = 00:00:47 . Memory (MB): peak = 1615.270 ; gain = 671.242
---------------------------------------------------------------------------------
---------------------------------------------------------------------------------
Start Applying 'set_property' XDC Constraints
---------------------------------------------------------------------------------
Applied set_property KEEP_HIERARCHY = SOFT for DP/im. (constraint file  auto generated constraint).
Applied set_property KEEP_HIERARCHY = SOFT for DP/d1. (constraint file  auto generated constraint).
---------------------------------------------------------------------------------
Finished applying 'set_property' XDC Constraints : Time (s): cpu = 00:00:20 ; elapsed = 00:00:48 . Memory (MB): peak = 1615.270 ; gain = 671.242
---------------------------------------------------------------------------------
WARNING: [Synth 8-327] inferring latch for variable 'EN1_reg' [C:/Users/Sujan/Downloads/final_project/final_project.srcs/sources_1/new/control_path.v:69]
WARNING: [Synth 8-327] inferring latch for variable 'LoadPC_reg' [C:/Users/Sujan/Downloads/final_project/final_project.srcs/sources_1/new/control_path.v:65]
WARNING: [Synth 8-327] inferring latch for variable 'ResetPC_reg' [C:/Users/Sujan/Downloads/final_project/final_project.srcs/sources_1/new/control_path.v:66]
WARNING: [Synth 8-327] inferring latch for variable 'EN_reg' [C:/Users/Sujan/Downloads/final_project/final_project.srcs/sources_1/new/control_path.v:75]
WARNING: [Synth 8-327] inferring latch for variable 'R_reg' [C:/Users/Sujan/Downloads/final_project/final_project.srcs/sources_1/new/control_path.v:76]
WARNING: [Synth 8-327] inferring latch for variable 'W_reg' [C:/Users/Sujan/Downloads/final_project/final_project.srcs/sources_1/new/control_path.v:77]
WARNING: [Synth 8-327] inferring latch for variable 'Src1_reg' [C:/Users/Sujan/Downloads/final_project/final_project.srcs/sources_1/new/control_path.v:80]
WARNING: [Synth 8-327] inferring latch for variable 'Src2_reg' [C:/Users/Sujan/Downloads/final_project/final_project.srcs/sources_1/new/control_path.v:81]
WARNING: [Synth 8-327] inferring latch for variable 'SelComp_reg' [C:/Users/Sujan/Downloads/final_project/final_project.srcs/sources_1/new/control_path.v:84]
WARNING: [Synth 8-327] inferring latch for variable 'SelSignal_reg' [C:/Users/Sujan/Downloads/final_project/final_project.srcs/sources_1/new/control_path.v:97]
WARNING: [Synth 8-327] inferring latch for variable 'SelPC_reg' [C:/Users/Sujan/Downloads/final_project/final_project.srcs/sources_1/new/control_path.v:98]
WARNING: [Synth 8-327] inferring latch for variable 'EN2_reg' [C:/Users/Sujan/Downloads/final_project/final_project.srcs/sources_1/new/control_path.v:87]
WARNING: [Synth 8-327] inferring latch for variable 'WEA2_reg' [C:/Users/Sujan/Downloads/final_project/final_project.srcs/sources_1/new/control_path.v:88]
WARNING: [Synth 8-327] inferring latch for variable 'LoadLMD_reg' [C:/Users/Sujan/Downloads/final_project/final_project.srcs/sources_1/new/control_path.v:89]
WARNING: [Synth 8-327] inferring latch for variable 'WriteData_reg' [C:/Users/Sujan/Downloads/final_project/final_project.srcs/sources_1/new/control_path.v:93]
WARNING: [Synth 8-327] inferring latch for variable 'WritePort_reg' [C:/Users/Sujan/Downloads/final_project/final_project.srcs/sources_1/new/control_path.v:92]
WARNING: [Synth 8-327] inferring latch for variable 'isBranch_reg' [C:/Users/Sujan/Downloads/final_project/final_project.srcs/sources_1/new/control_path.v:94]
WARNING: [Synth 8-327] inferring latch for variable 'reset_SD_reg' [C:/Users/Sujan/Downloads/final_project/final_project.srcs/sources_1/new/control_path.v:60]
---------------------------------------------------------------------------------
Finished RTL Optimization Phase 2 : Time (s): cpu = 00:00:20 ; elapsed = 00:00:49 . Memory (MB): peak = 1615.270 ; gain = 671.242
---------------------------------------------------------------------------------
---------------------------------------------------------------------------------
Start RTL Component Statistics 
---------------------------------------------------------------------------------
Detailed RTL Component Info : 
+---Adders : 
	   2 Input    5 Bit       Adders := 2     
	   2 Input    4 Bit       Adders := 2     
+---XORs : 
	   2 Input      1 Bit         XORs := 608   
+---Registers : 
	               32 Bit    Registers := 21    
	                4 Bit    Registers := 1     
+---Muxes : 
	   2 Input   32 Bit        Muxes := 7     
	   2 Input   16 Bit        Muxes := 1     
	   2 Input   11 Bit        Muxes := 1     
	   2 Input    5 Bit        Muxes := 2     
	   2 Input    4 Bit        Muxes := 6     
	   4 Input    4 Bit        Muxes := 1     
	   2 Input    3 Bit        Muxes := 1     
	   2 Input    2 Bit        Muxes := 3     
	   2 Input    1 Bit        Muxes := 49    
	  12 Input    1 Bit        Muxes := 4     
	   5 Input    1 Bit        Muxes := 5     
	   3 Input    1 Bit        Muxes := 4     
	   6 Input    1 Bit        Muxes := 3     
	   7 Input    1 Bit        Muxes := 3     
	   4 Input    1 Bit        Muxes := 1     
	   8 Input    1 Bit        Muxes := 2     
	   9 Input    1 Bit        Muxes := 2     
---------------------------------------------------------------------------------
Finished RTL Component Statistics 
---------------------------------------------------------------------------------
---------------------------------------------------------------------------------
Start Part Resource Summary
---------------------------------------------------------------------------------
Part Resources:
DSPs: 240 (col length:80)
BRAMs: 270 (col length: RAMB18 80 RAMB36 40)
---------------------------------------------------------------------------------
Finished Part Resource Summary
---------------------------------------------------------------------------------
---------------------------------------------------------------------------------
Start Cross Boundary and Area Optimization
---------------------------------------------------------------------------------
WARNING: [Synth 8-7080] Parallel synthesis criteria is not met
WARNING: [Synth 8-7129] Port instr[26] in module control_path is either unconnected or has no load
WARNING: [Synth 8-7129] Port instr[25] in module control_path is either unconnected or has no load
WARNING: [Synth 8-7129] Port instr[24] in module control_path is either unconnected or has no load
WARNING: [Synth 8-7129] Port instr[23] in module control_path is either unconnected or has no load
WARNING: [Synth 8-7129] Port instr[22] in module control_path is either unconnected or has no load
WARNING: [Synth 8-7129] Port instr[21] in module control_path is either unconnected or has no load
WARNING: [Synth 8-7129] Port instr[20] in module control_path is either unconnected or has no load
WARNING: [Synth 8-7129] Port instr[19] in module control_path is either unconnected or has no load
WARNING: [Synth 8-7129] Port instr[18] in module control_path is either unconnected or has no load
WARNING: [Synth 8-7129] Port instr[17] in module control_path is either unconnected or has no load
WARNING: [Synth 8-7129] Port instr[16] in module control_path is either unconnected or has no load
WARNING: [Synth 8-7129] Port instr[15] in module control_path is either unconnected or has no load
WARNING: [Synth 8-7129] Port instr[14] in module control_path is either unconnected or has no load
WARNING: [Synth 8-7129] Port instr[13] in module control_path is either unconnected or has no load
WARNING: [Synth 8-7129] Port instr[12] in module control_path is either unconnected or has no load
WARNING: [Synth 8-7129] Port instr[11] in module control_path is either unconnected or has no load
WARNING: [Synth 8-7129] Port instr[10] in module control_path is either unconnected or has no load
WARNING: [Synth 8-7129] Port instr[9] in module control_path is either unconnected or has no load
WARNING: [Synth 8-7129] Port instr[8] in module control_path is either unconnected or has no load
WARNING: [Synth 8-7129] Port instr[7] in module control_path is either unconnected or has no load
WARNING: [Synth 8-7129] Port instr[6] in module control_path is either unconnected or has no load
WARNING: [Synth 8-7129] Port instr[5] in module control_path is either unconnected or has no load
WARNING: [Synth 8-7129] Port AB_comp[2] in module control_path is either unconnected or has no load
WARNING: [Synth 8-7129] Port AB_comp[1] in module control_path is either unconnected or has no load
---------------------------------------------------------------------------------
Finished Cross Boundary and Area Optimization : Time (s): cpu = 00:00:31 ; elapsed = 00:01:05 . Memory (MB): peak = 1615.270 ; gain = 671.242
---------------------------------------------------------------------------------
---------------------------------------------------------------------------------
Start Applying XDC Timing Constraints
---------------------------------------------------------------------------------
---------------------------------------------------------------------------------
Finished Applying XDC Timing Constraints : Time (s): cpu = 00:00:38 ; elapsed = 00:01:15 . Memory (MB): peak = 1615.270 ; gain = 671.242
---------------------------------------------------------------------------------
---------------------------------------------------------------------------------
Start Timing Optimization
---------------------------------------------------------------------------------
---------------------------------------------------------------------------------
Finished Timing Optimization : Time (s): cpu = 00:00:43 ; elapsed = 00:01:22 . Memory (MB): peak = 1615.270 ; gain = 671.242
---------------------------------------------------------------------------------
---------------------------------------------------------------------------------
Start Technology Mapping
---------------------------------------------------------------------------------
---------------------------------------------------------------------------------
Finished Technology Mapping : Time (s): cpu = 00:00:44 ; elapsed = 00:01:24 . Memory (MB): peak = 1615.270 ; gain = 671.242
---------------------------------------------------------------------------------
---------------------------------------------------------------------------------
Start IO Insertion
---------------------------------------------------------------------------------
---------------------------------------------------------------------------------
Start Flattening Before IO Insertion
---------------------------------------------------------------------------------
---------------------------------------------------------------------------------
Finished Flattening Before IO Insertion
---------------------------------------------------------------------------------
---------------------------------------------------------------------------------
Start Final Netlist Cleanup
---------------------------------------------------------------------------------
---------------------------------------------------------------------------------
Finished Final Netlist Cleanup
---------------------------------------------------------------------------------
---------------------------------------------------------------------------------
Finished IO Insertion : Time (s): cpu = 00:00:51 ; elapsed = 00:01:31 . Memory (MB): peak = 1615.270 ; gain = 671.242
---------------------------------------------------------------------------------
---------------------------------------------------------------------------------
Start Renaming Generated Instances
---------------------------------------------------------------------------------
---------------------------------------------------------------------------------
Finished Renaming Generated Instances : Time (s): cpu = 00:00:51 ; elapsed = 00:01:31 . Memory (MB): peak = 1615.270 ; gain = 671.242
---------------------------------------------------------------------------------
---------------------------------------------------------------------------------
Start Rebuilding User Hierarchy
---------------------------------------------------------------------------------
---------------------------------------------------------------------------------
Finished Rebuilding User Hierarchy : Time (s): cpu = 00:00:51 ; elapsed = 00:01:32 . Memory (MB): peak = 1615.270 ; gain = 671.242
---------------------------------------------------------------------------------
---------------------------------------------------------------------------------
Start Renaming Generated Ports
---------------------------------------------------------------------------------
---------------------------------------------------------------------------------
Finished Renaming Generated Ports : Time (s): cpu = 00:00:51 ; elapsed = 00:01:32 . Memory (MB): peak = 1615.270 ; gain = 671.242
---------------------------------------------------------------------------------
---------------------------------------------------------------------------------
Start Handling Custom Attributes
---------------------------------------------------------------------------------
---------------------------------------------------------------------------------
Finished Handling Custom Attributes : Time (s): cpu = 00:00:51 ; elapsed = 00:01:32 . Memory (MB): peak = 1615.270 ; gain = 671.242
---------------------------------------------------------------------------------
---------------------------------------------------------------------------------
Start Renaming Generated Nets
---------------------------------------------------------------------------------
---------------------------------------------------------------------------------
Finished Renaming Generated Nets : Time (s): cpu = 00:00:51 ; elapsed = 00:01:32 . Memory (MB): peak = 1615.270 ; gain = 671.242
---------------------------------------------------------------------------------
---------------------------------------------------------------------------------
Start Writing Synthesis Report
---------------------------------------------------------------------------------

Report BlackBoxes: 
+------+--------------+----------+
|      |BlackBox name |Instances |
+------+--------------+----------+
|1     |data_memory   |         1|
|2     |instr_memory  |         1|
+------+--------------+----------+

Report Cell Usage: 
+------+-------------+------+
|      |Cell         |Count |
+------+-------------+------+
|1     |data_memory  |     1|
|2     |instr_memory |     1|
|3     |BUFG         |     1|
|4     |CARRY4       |    19|
|5     |LUT1         |     1|
|6     |LUT2         |    22|
|7     |LUT3         |   122|
|8     |LUT4         |    58|
|9     |LUT5         |   265|
|10    |LUT6         |   678|
|11    |MUXF7        |   161|
|12    |MUXF8        |    64|
|13    |FDRE         |   654|
|14    |LD           |    14|
|15    |LDC          |     4|
|16    |LDCP         |     2|
|17    |IBUF         |     8|
|18    |OBUF         |    16|
+------+-------------+------+
---------------------------------------------------------------------------------
Finished Writing Synthesis Report : Time (s): cpu = 00:00:51 ; elapsed = 00:01:32 . Memory (MB): peak = 1615.270 ; gain = 671.242
---------------------------------------------------------------------------------
Synthesis finished with 0 errors, 0 critical warnings and 43 warnings.
Synthesis Optimization Runtime : Time (s): cpu = 00:00:38 ; elapsed = 00:01:18 . Memory (MB): peak = 1615.270 ; gain = 577.707
Synthesis Optimization Complete : Time (s): cpu = 00:00:51 ; elapsed = 00:01:32 . Memory (MB): peak = 1615.270 ; gain = 671.242
INFO: [Project 1-571] Translating synthesized netlist
Netlist sorting complete. Time (s): cpu = 00:00:00 ; elapsed = 00:00:00.029 . Memory (MB): peak = 1615.270 ; gain = 0.000
INFO: [Netlist 29-17] Analyzing 264 Unisim elements for replacement
INFO: [Netlist 29-28] Unisim Transformation completed in 0 CPU seconds
INFO: [Project 1-570] Preparing netlist for logic optimization
INFO: [Opt 31-138] Pushed 0 inverter(s) to 0 load pin(s).
Netlist sorting complete. Time (s): cpu = 00:00:00 ; elapsed = 00:00:00.001 . Memory (MB): peak = 1615.270 ; gain = 0.000
INFO: [Project 1-111] Unisim Transformation Summary:
  A total of 20 instances were transformed.
  LD => LDCE: 14 instances
  LDC => LDCE: 4 instances
  LDCP => LDCP (GND, LDCE, LUT3(x2), VCC): 2 instances

Synth Design complete | Checksum: b488d03a
INFO: [Common 17-83] Releasing license: Synthesis
105 Infos, 91 Warnings, 0 Critical Warnings and 0 Errors encountered.
synth_design completed successfully
synth_design: Time (s): cpu = 00:00:56 ; elapsed = 00:01:46 . Memory (MB): peak = 1615.270 ; gain = 1088.621
Write ShapeDB Complete: Time (s): cpu = 00:00:00 ; elapsed = 00:00:00.018 . Memory (MB): peak = 1615.270 ; gain = 0.000
INFO: [Common 17-1381] The checkpoint 'C:/Users/Sujan/Downloads/final_project/final_project.runs/synth_1/top_module.dcp' has been generated.
INFO: [Vivado 12-24828] Executing command : report_utilization -file top_module_utilization_synth.rpt -pb top_module_utilization_synth.pb
INFO: [Common 17-206] Exiting Vivado at Wed Nov  6 17:47:50 2024...
