
*** Running vivado
    with args -log top_module.vds -m64 -product Vivado -mode batch -messageDb vivado.pb -notrace -source top_module.tcl


****** Vivado v2024.1 (64-bit)
  **** SW Build 5076996 on Wed May 22 18:36:09 MDT 2024
  **** IP Build 5075265 on Wed May 22 21:45:21 MDT 2024
  **** SharedData Build 5076995 on Wed May 22 18:29:18 MDT 2024
  **** Start of session at: Wed Nov 13 14:58:05 2024
    ** Copyright 1986-2022 Xilinx, Inc. All Rights Reserved.
    ** Copyright 2022-2024 Advanced Micro Devices, Inc. All Rights Reserved.

source top_module.tcl -notrace
Command: read_checkpoint -auto_incremental -incremental /home/maji/Videos/MIPS32/Division_Job/project_1/project_1.srcs/utils_1/imports/synth_1/top_module.dcp
INFO: [Vivado 12-5825] Read reference checkpoint from /home/maji/Videos/MIPS32/Division_Job/project_1/project_1.srcs/utils_1/imports/synth_1/top_module.dcp for incremental synthesis
INFO: [Vivado 12-7989] Please ensure there are no constraint changes
Command: synth_design -top top_module -part xc7a100tcsg324-1
Starting synth_design
Attempting to get a license for feature 'Synthesis' and/or device 'xc7a100t'
INFO: [Common 17-349] Got license for feature 'Synthesis' and/or device 'xc7a100t'
INFO: [Device 21-403] Loading part xc7a100tcsg324-1
INFO: [Device 21-9227] Part: xc7a100tcsg324-1 does not have CEAM library.
INFO: [Designutils 20-5440] No compile time benefit to using incremental synthesis; A full resynthesis will be run
INFO: [Designutils 20-4379] Flow is switching to default flow due to incremental criteria not met. If you would like to alter this behaviour and have the flow terminate instead, please set the following parameter config_implementation {autoIncr.Synth.RejectBehavior Terminate}
INFO: [Synth 8-7079] Multithreading enabled for synth_design using a maximum of 4 processes.
INFO: [Synth 8-7078] Launching helper process for spawning children vivado processes
INFO: [Synth 8-7075] Helper process launched with PID 234075
---------------------------------------------------------------------------------
Starting RTL Elaboration : Time (s): cpu = 00:00:03 ; elapsed = 00:00:03 . Memory (MB): peak = 2157.984 ; gain = 421.715 ; free physical = 2359 ; free virtual = 6325
---------------------------------------------------------------------------------
INFO: [Synth 8-11241] undeclared symbol 'm7_sel', assumed default net type 'wire' [/home/maji/Videos/MIPS32/Division_Job/design/data_path.v:71]
INFO: [Synth 8-6157] synthesizing module 'top_module' [/home/maji/Videos/MIPS32/Division_Job/design/top_module.v:23]
INFO: [Synth 8-6157] synthesizing module 'clock_div' [/home/maji/Videos/MIPS32/Division_Job/project_1/project_1.srcs/sources_1/new/clk_div.v:23]
INFO: [Synth 8-6155] done synthesizing module 'clock_div' (0#1) [/home/maji/Videos/MIPS32/Division_Job/project_1/project_1.srcs/sources_1/new/clk_div.v:23]
INFO: [Synth 8-6157] synthesizing module 'data_path' [/home/maji/Videos/MIPS32/Division_Job/design/data_path.v:23]
INFO: [Synth 8-6157] synthesizing module 'Adder_32' [/home/maji/Videos/MIPS32/Division_Job/design/Adder_32.v:23]
INFO: [Synth 8-6157] synthesizing module 'SixteenAdder' [/home/maji/Videos/MIPS32/Division_Job/design/SixteenAdder.v:22]
INFO: [Synth 8-6157] synthesizing module 'EightBitAdder' [/home/maji/Videos/MIPS32/Division_Job/design/EightBitAdder.v:23]
INFO: [Synth 8-6157] synthesizing module 'FourBitAdder' [/home/maji/Videos/MIPS32/Division_Job/design/FourBitAdder.v:23]
INFO: [Synth 8-6157] synthesizing module 'full_adder' [/home/maji/Videos/MIPS32/Division_Job/design/full_adder.v:23]
INFO: [Synth 8-6157] synthesizing module 'half_adder' [/home/maji/Videos/MIPS32/Division_Job/design/half_adder.v:23]
INFO: [Synth 8-6155] done synthesizing module 'half_adder' (0#1) [/home/maji/Videos/MIPS32/Division_Job/design/half_adder.v:23]
INFO: [Synth 8-6155] done synthesizing module 'full_adder' (0#1) [/home/maji/Videos/MIPS32/Division_Job/design/full_adder.v:23]
INFO: [Synth 8-6155] done synthesizing module 'FourBitAdder' (0#1) [/home/maji/Videos/MIPS32/Division_Job/design/FourBitAdder.v:23]
INFO: [Synth 8-6155] done synthesizing module 'EightBitAdder' (0#1) [/home/maji/Videos/MIPS32/Division_Job/design/EightBitAdder.v:23]
INFO: [Synth 8-6155] done synthesizing module 'SixteenAdder' (0#1) [/home/maji/Videos/MIPS32/Division_Job/design/SixteenAdder.v:22]
INFO: [Synth 8-6155] done synthesizing module 'Adder_32' (0#1) [/home/maji/Videos/MIPS32/Division_Job/design/Adder_32.v:23]
INFO: [Synth 8-6157] synthesizing module 'MUX' [/home/maji/Videos/MIPS32/Division_Job/design/MUX.v:23]
INFO: [Synth 8-6155] done synthesizing module 'MUX' (0#1) [/home/maji/Videos/MIPS32/Division_Job/design/MUX.v:23]
INFO: [Synth 8-6157] synthesizing module 'MUX1' [/home/maji/Videos/MIPS32/Division_Job/design/MUX1.v:23]
INFO: [Synth 8-6155] done synthesizing module 'MUX1' (0#1) [/home/maji/Videos/MIPS32/Division_Job/design/MUX1.v:23]
INFO: [Synth 8-6157] synthesizing module 'RB' [/home/maji/Videos/MIPS32/Division_Job/design/RB.v:23]
INFO: [Synth 8-6155] done synthesizing module 'RB' (0#1) [/home/maji/Videos/MIPS32/Division_Job/design/RB.v:23]
INFO: [Synth 8-6157] synthesizing module 'sign_ext' [/home/maji/Videos/MIPS32/Division_Job/design/sign_ext.v:23]
INFO: [Synth 8-6155] done synthesizing module 'sign_ext' (0#1) [/home/maji/Videos/MIPS32/Division_Job/design/sign_ext.v:23]
INFO: [Synth 8-6157] synthesizing module 'ALU' [/home/maji/Videos/MIPS32/Division_Job/design/ALU.v:23]
INFO: [Synth 8-6157] synthesizing module 'EightBitSubtractor' [/home/maji/Videos/MIPS32/Division_Job/design/EightBitSubtractor.v:23]
INFO: [Synth 8-6155] done synthesizing module 'EightBitSubtractor' (0#1) [/home/maji/Videos/MIPS32/Division_Job/design/EightBitSubtractor.v:23]
INFO: [Synth 8-6157] synthesizing module 'AND_32' [/home/maji/Videos/MIPS32/Division_Job/design/AND_32.v:23]
INFO: [Synth 8-6157] synthesizing module 'AND' [/home/maji/Videos/MIPS32/Division_Job/design/AND.v:23]
INFO: [Synth 8-6155] done synthesizing module 'AND' (0#1) [/home/maji/Videos/MIPS32/Division_Job/design/AND.v:23]
INFO: [Synth 8-6155] done synthesizing module 'AND_32' (0#1) [/home/maji/Videos/MIPS32/Division_Job/design/AND_32.v:23]
INFO: [Synth 8-6157] synthesizing module 'OR_32' [/home/maji/Videos/MIPS32/Division_Job/design/OR_32.v:23]
INFO: [Synth 8-6157] synthesizing module 'OR' [/home/maji/Videos/MIPS32/Division_Job/design/OR.v:23]
INFO: [Synth 8-6155] done synthesizing module 'OR' (0#1) [/home/maji/Videos/MIPS32/Division_Job/design/OR.v:23]
INFO: [Synth 8-6155] done synthesizing module 'OR_32' (0#1) [/home/maji/Videos/MIPS32/Division_Job/design/OR_32.v:23]
INFO: [Synth 8-6157] synthesizing module 'XOR_32' [/home/maji/Videos/MIPS32/Division_Job/design/XOR_32.v:23]
INFO: [Synth 8-6157] synthesizing module 'XOR' [/home/maji/Videos/MIPS32/Division_Job/design/XOR.v:23]
INFO: [Synth 8-6155] done synthesizing module 'XOR' (0#1) [/home/maji/Videos/MIPS32/Division_Job/design/XOR.v:23]
INFO: [Synth 8-6155] done synthesizing module 'XOR_32' (0#1) [/home/maji/Videos/MIPS32/Division_Job/design/XOR_32.v:23]
INFO: [Synth 8-6157] synthesizing module 'complementer' [/home/maji/Videos/MIPS32/Division_Job/design/complementer.v:23]
INFO: [Synth 8-6155] done synthesizing module 'complementer' (0#1) [/home/maji/Videos/MIPS32/Division_Job/design/complementer.v:23]
INFO: [Synth 8-6157] synthesizing module 'left_shift_32bit' [/home/maji/Videos/MIPS32/Division_Job/design/left_shift_32bit.v:23]
INFO: [Synth 8-6157] synthesizing module 'MUX_32_to_1' [/home/maji/Videos/MIPS32/Division_Job/design/MUX_32_to_1.v:23]
INFO: [Synth 8-6157] synthesizing module 'MUX_16_to_1' [/home/maji/Videos/MIPS32/Division_Job/design/MUX_16_to_1.v:23]
INFO: [Synth 8-6157] synthesizing module 'MUX_8_to_1' [/home/maji/Videos/MIPS32/Division_Job/design/MUX_8_to_1.v:23]
INFO: [Synth 8-6157] synthesizing module 'MUX_4_to_1' [/home/maji/Videos/MIPS32/Division_Job/design/MUX_4_to_1.v:23]
INFO: [Synth 8-6157] synthesizing module 'MUX_2_to_1' [/home/maji/Videos/MIPS32/Division_Job/design/MUX_2_to_1.v:23]
INFO: [Synth 8-6155] done synthesizing module 'MUX_2_to_1' (0#1) [/home/maji/Videos/MIPS32/Division_Job/design/MUX_2_to_1.v:23]
INFO: [Synth 8-6155] done synthesizing module 'MUX_4_to_1' (0#1) [/home/maji/Videos/MIPS32/Division_Job/design/MUX_4_to_1.v:23]
INFO: [Synth 8-6155] done synthesizing module 'MUX_8_to_1' (0#1) [/home/maji/Videos/MIPS32/Division_Job/design/MUX_8_to_1.v:23]
INFO: [Synth 8-6155] done synthesizing module 'MUX_16_to_1' (0#1) [/home/maji/Videos/MIPS32/Division_Job/design/MUX_16_to_1.v:23]
INFO: [Synth 8-6155] done synthesizing module 'MUX_32_to_1' (0#1) [/home/maji/Videos/MIPS32/Division_Job/design/MUX_32_to_1.v:23]
INFO: [Synth 8-6155] done synthesizing module 'left_shift_32bit' (0#1) [/home/maji/Videos/MIPS32/Division_Job/design/left_shift_32bit.v:23]
INFO: [Synth 8-6157] synthesizing module 'logical_right_shift_32bit' [/home/maji/Videos/MIPS32/Division_Job/design/logical_right_shift_32bit.v:23]
INFO: [Synth 8-6155] done synthesizing module 'logical_right_shift_32bit' (0#1) [/home/maji/Videos/MIPS32/Division_Job/design/logical_right_shift_32bit.v:23]
INFO: [Synth 8-6157] synthesizing module 'arithmetic_right_shift_32bit' [/home/maji/Videos/MIPS32/Division_Job/design/arithmetic_right_shift_32bit.v:23]
INFO: [Synth 8-6155] done synthesizing module 'arithmetic_right_shift_32bit' (0#1) [/home/maji/Videos/MIPS32/Division_Job/design/arithmetic_right_shift_32bit.v:23]
INFO: [Synth 8-6157] synthesizing module 'comparator_32' [/home/maji/Videos/MIPS32/Division_Job/design/comparator_32.v:23]
INFO: [Synth 8-6155] done synthesizing module 'comparator_32' (0#1) [/home/maji/Videos/MIPS32/Division_Job/design/comparator_32.v:23]
INFO: [Synth 8-6157] synthesizing module 'HAMM_32bit' [/home/maji/Videos/MIPS32/Division_Job/design/HAMM_32.v:23]
INFO: [Synth 8-6157] synthesizing module 'HAMM' [/home/maji/Videos/MIPS32/Division_Job/design/HAMM.v:23]
INFO: [Synth 8-6155] done synthesizing module 'HAMM' (0#1) [/home/maji/Videos/MIPS32/Division_Job/design/HAMM.v:23]
INFO: [Synth 8-6155] done synthesizing module 'HAMM_32bit' (0#1) [/home/maji/Videos/MIPS32/Division_Job/design/HAMM_32.v:23]
INFO: [Synth 8-6155] done synthesizing module 'ALU' (0#1) [/home/maji/Videos/MIPS32/Division_Job/design/ALU.v:23]
INFO: [Synth 8-6157] synthesizing module 'data_memory' [/home/maji/Videos/MIPS32/Division_Job/project_1/project_1.runs/synth_1/.Xil/Vivado-234056-MajiLaptop/realtime/data_memory_stub.v:6]
INFO: [Synth 8-6155] done synthesizing module 'data_memory' (0#1) [/home/maji/Videos/MIPS32/Division_Job/project_1/project_1.runs/synth_1/.Xil/Vivado-234056-MajiLaptop/realtime/data_memory_stub.v:6]
INFO: [Synth 8-6157] synthesizing module 'LMD' [/home/maji/Videos/MIPS32/Division_Job/design/LMD.v:23]
INFO: [Synth 8-6155] done synthesizing module 'LMD' (0#1) [/home/maji/Videos/MIPS32/Division_Job/design/LMD.v:23]
INFO: [Synth 8-6157] synthesizing module 'PC' [/home/maji/Videos/MIPS32/Division_Job/design/PC.v:23]
INFO: [Synth 8-6155] done synthesizing module 'PC' (0#1) [/home/maji/Videos/MIPS32/Division_Job/design/PC.v:23]
INFO: [Synth 8-6157] synthesizing module 'instr_memory' [/home/maji/Videos/MIPS32/Division_Job/project_1/project_1.runs/synth_1/.Xil/Vivado-234056-MajiLaptop/realtime/instr_memory_stub.v:6]
INFO: [Synth 8-6155] done synthesizing module 'instr_memory' (0#1) [/home/maji/Videos/MIPS32/Division_Job/project_1/project_1.runs/synth_1/.Xil/Vivado-234056-MajiLaptop/realtime/instr_memory_stub.v:6]
INFO: [Synth 8-6157] synthesizing module 'IN_REG' [/home/maji/Videos/MIPS32/Division_Job/design/IN_REG.v:23]
INFO: [Synth 8-6155] done synthesizing module 'IN_REG' (0#1) [/home/maji/Videos/MIPS32/Division_Job/design/IN_REG.v:23]
INFO: [Synth 8-6155] done synthesizing module 'data_path' (0#1) [/home/maji/Videos/MIPS32/Division_Job/design/data_path.v:23]
INFO: [Synth 8-6157] synthesizing module 'control_path' [/home/maji/Videos/MIPS32/Division_Job/design/control_path.v:23]
INFO: [Synth 8-6157] synthesizing module 'step_decoder' [/home/maji/Videos/MIPS32/Division_Job/design/step_decoder.v:24]
INFO: [Synth 8-6155] done synthesizing module 'step_decoder' (0#1) [/home/maji/Videos/MIPS32/Division_Job/design/step_decoder.v:24]
INFO: [Synth 8-6157] synthesizing module 'instruction_decoder' [/home/maji/Videos/MIPS32/Division_Job/design/instruction_decoder.v:23]
INFO: [Synth 8-6155] done synthesizing module 'instruction_decoder' (0#1) [/home/maji/Videos/MIPS32/Division_Job/design/instruction_decoder.v:23]
INFO: [Synth 8-6157] synthesizing module 'ALU_function' [/home/maji/Videos/MIPS32/Division_Job/design/ALU_function.v:23]
INFO: [Synth 8-6155] done synthesizing module 'ALU_function' (0#1) [/home/maji/Videos/MIPS32/Division_Job/design/ALU_function.v:23]
INFO: [Synth 8-6155] done synthesizing module 'control_path' (0#1) [/home/maji/Videos/MIPS32/Division_Job/design/control_path.v:23]
INFO: [Synth 8-6155] done synthesizing module 'top_module' (0#1) [/home/maji/Videos/MIPS32/Division_Job/design/top_module.v:23]
WARNING: [Synth 8-7129] Port instr[26] in module ALU_function is either unconnected or has no load
WARNING: [Synth 8-7129] Port instr[25] in module ALU_function is either unconnected or has no load
WARNING: [Synth 8-7129] Port instr[24] in module ALU_function is either unconnected or has no load
WARNING: [Synth 8-7129] Port instr[23] in module ALU_function is either unconnected or has no load
WARNING: [Synth 8-7129] Port instr[22] in module ALU_function is either unconnected or has no load
WARNING: [Synth 8-7129] Port instr[21] in module ALU_function is either unconnected or has no load
WARNING: [Synth 8-7129] Port instr[20] in module ALU_function is either unconnected or has no load
WARNING: [Synth 8-7129] Port instr[19] in module ALU_function is either unconnected or has no load
WARNING: [Synth 8-7129] Port instr[18] in module ALU_function is either unconnected or has no load
WARNING: [Synth 8-7129] Port instr[17] in module ALU_function is either unconnected or has no load
WARNING: [Synth 8-7129] Port instr[16] in module ALU_function is either unconnected or has no load
WARNING: [Synth 8-7129] Port instr[15] in module ALU_function is either unconnected or has no load
WARNING: [Synth 8-7129] Port instr[14] in module ALU_function is either unconnected or has no load
WARNING: [Synth 8-7129] Port instr[13] in module ALU_function is either unconnected or has no load
WARNING: [Synth 8-7129] Port instr[12] in module ALU_function is either unconnected or has no load
WARNING: [Synth 8-7129] Port instr[11] in module ALU_function is either unconnected or has no load
WARNING: [Synth 8-7129] Port instr[10] in module ALU_function is either unconnected or has no load
WARNING: [Synth 8-7129] Port instr[9] in module ALU_function is either unconnected or has no load
WARNING: [Synth 8-7129] Port instr[8] in module ALU_function is either unconnected or has no load
WARNING: [Synth 8-7129] Port instr[7] in module ALU_function is either unconnected or has no load
WARNING: [Synth 8-7129] Port instr[6] in module ALU_function is either unconnected or has no load
WARNING: [Synth 8-7129] Port instr[5] in module ALU_function is either unconnected or has no load
WARNING: [Synth 8-7129] Port AB_comp[2] in module ALU_function is either unconnected or has no load
WARNING: [Synth 8-7129] Port AB_comp[1] in module ALU_function is either unconnected or has no load
WARNING: [Synth 8-7129] Port instr[26] in module instruction_decoder is either unconnected or has no load
WARNING: [Synth 8-7129] Port instr[25] in module instruction_decoder is either unconnected or has no load
WARNING: [Synth 8-7129] Port instr[24] in module instruction_decoder is either unconnected or has no load
WARNING: [Synth 8-7129] Port instr[23] in module instruction_decoder is either unconnected or has no load
WARNING: [Synth 8-7129] Port instr[22] in module instruction_decoder is either unconnected or has no load
WARNING: [Synth 8-7129] Port instr[21] in module instruction_decoder is either unconnected or has no load
WARNING: [Synth 8-7129] Port instr[20] in module instruction_decoder is either unconnected or has no load
WARNING: [Synth 8-7129] Port instr[19] in module instruction_decoder is either unconnected or has no load
WARNING: [Synth 8-7129] Port instr[18] in module instruction_decoder is either unconnected or has no load
WARNING: [Synth 8-7129] Port instr[17] in module instruction_decoder is either unconnected or has no load
WARNING: [Synth 8-7129] Port instr[16] in module instruction_decoder is either unconnected or has no load
WARNING: [Synth 8-7129] Port instr[15] in module instruction_decoder is either unconnected or has no load
WARNING: [Synth 8-7129] Port instr[14] in module instruction_decoder is either unconnected or has no load
WARNING: [Synth 8-7129] Port instr[13] in module instruction_decoder is either unconnected or has no load
WARNING: [Synth 8-7129] Port instr[12] in module instruction_decoder is either unconnected or has no load
WARNING: [Synth 8-7129] Port instr[11] in module instruction_decoder is either unconnected or has no load
WARNING: [Synth 8-7129] Port instr[10] in module instruction_decoder is either unconnected or has no load
WARNING: [Synth 8-7129] Port instr[9] in module instruction_decoder is either unconnected or has no load
WARNING: [Synth 8-7129] Port instr[8] in module instruction_decoder is either unconnected or has no load
WARNING: [Synth 8-7129] Port instr[7] in module instruction_decoder is either unconnected or has no load
WARNING: [Synth 8-7129] Port instr[6] in module instruction_decoder is either unconnected or has no load
WARNING: [Synth 8-7129] Port instr[5] in module instruction_decoder is either unconnected or has no load
---------------------------------------------------------------------------------
Finished RTL Elaboration : Time (s): cpu = 00:00:04 ; elapsed = 00:00:04 . Memory (MB): peak = 2248.922 ; gain = 512.652 ; free physical = 2288 ; free virtual = 6208
---------------------------------------------------------------------------------
---------------------------------------------------------------------------------
Start Handling Custom Attributes
---------------------------------------------------------------------------------
---------------------------------------------------------------------------------
Finished Handling Custom Attributes : Time (s): cpu = 00:00:04 ; elapsed = 00:00:04 . Memory (MB): peak = 2263.766 ; gain = 527.496 ; free physical = 2283 ; free virtual = 6195
---------------------------------------------------------------------------------
---------------------------------------------------------------------------------
Finished RTL Optimization Phase 1 : Time (s): cpu = 00:00:04 ; elapsed = 00:00:04 . Memory (MB): peak = 2263.766 ; gain = 527.496 ; free physical = 2283 ; free virtual = 6195
---------------------------------------------------------------------------------
Netlist sorting complete. Time (s): cpu = 00:00:00.04 ; elapsed = 00:00:00.04 . Memory (MB): peak = 2263.766 ; gain = 0.000 ; free physical = 2316 ; free virtual = 6195
INFO: [Project 1-570] Preparing netlist for logic optimization

Processing XDC Constraints
Initializing timing engine
Parsing XDC File [/home/maji/Videos/MIPS32/Division_Job/project_1/project_1.gen/sources_1/ip/data_memory/data_memory/data_memory_in_context.xdc] for cell 'DP/d1'
Finished Parsing XDC File [/home/maji/Videos/MIPS32/Division_Job/project_1/project_1.gen/sources_1/ip/data_memory/data_memory/data_memory_in_context.xdc] for cell 'DP/d1'
Parsing XDC File [/home/maji/Videos/MIPS32/Division_Job/project_1/project_1.gen/sources_1/ip/instr_memory/instr_memory/instr_memory_in_context.xdc] for cell 'DP/im'
Finished Parsing XDC File [/home/maji/Videos/MIPS32/Division_Job/project_1/project_1.gen/sources_1/ip/instr_memory/instr_memory/instr_memory_in_context.xdc] for cell 'DP/im'
Parsing XDC File [/home/maji/Videos/MIPS32/Division_Job/constraint/temp.xdc]
Finished Parsing XDC File [/home/maji/Videos/MIPS32/Division_Job/constraint/temp.xdc]
INFO: [Project 1-236] Implementation specific constraints were found while reading constraint file [/home/maji/Videos/MIPS32/Division_Job/constraint/temp.xdc]. These constraints will be ignored for synthesis but will be used in implementation. Impacted constraints are listed in the file [.Xil/top_module_propImpl.xdc].
Resolution: To avoid this warning, move constraints listed in [.Xil/top_module_propImpl.xdc] to another XDC file and exclude this new file from synthesis with the used_in_synthesis property (File Properties dialog in GUI) and re-run elaboration/synthesis.
Completed Processing XDC Constraints

Netlist sorting complete. Time (s): cpu = 00:00:00.01 ; elapsed = 00:00:00.01 . Memory (MB): peak = 2408.516 ; gain = 0.000 ; free physical = 2268 ; free virtual = 6136
INFO: [Project 1-111] Unisim Transformation Summary:
No Unisim elements were transformed.

Constraint Validation Runtime : Time (s): cpu = 00:00:00.02 ; elapsed = 00:00:00.02 . Memory (MB): peak = 2408.516 ; gain = 0.000 ; free physical = 2260 ; free virtual = 6135
INFO: [Designutils 20-5440] No compile time benefit to using incremental synthesis; A full resynthesis will be run
INFO: [Designutils 20-4379] Flow is switching to default flow due to incremental criteria not met. If you would like to alter this behaviour and have the flow terminate instead, please set the following parameter config_implementation {autoIncr.Synth.RejectBehavior Terminate}
---------------------------------------------------------------------------------
Finished Constraint Validation : Time (s): cpu = 00:00:09 ; elapsed = 00:00:09 . Memory (MB): peak = 2408.516 ; gain = 672.246 ; free physical = 1708 ; free virtual = 5583
---------------------------------------------------------------------------------
---------------------------------------------------------------------------------
Start Loading Part and Timing Information
---------------------------------------------------------------------------------
Loading part: xc7a100tcsg324-1
---------------------------------------------------------------------------------
Finished Loading Part and Timing Information : Time (s): cpu = 00:00:09 ; elapsed = 00:00:09 . Memory (MB): peak = 2416.520 ; gain = 680.250 ; free physical = 1708 ; free virtual = 5583
---------------------------------------------------------------------------------
---------------------------------------------------------------------------------
Start Applying 'set_property' XDC Constraints
---------------------------------------------------------------------------------
Applied set_property KEEP_HIERARCHY = SOFT for DP/d1. (constraint file  auto generated constraint).
Applied set_property KEEP_HIERARCHY = SOFT for DP/im. (constraint file  auto generated constraint).
---------------------------------------------------------------------------------
Finished applying 'set_property' XDC Constraints : Time (s): cpu = 00:00:09 ; elapsed = 00:00:09 . Memory (MB): peak = 2416.520 ; gain = 680.250 ; free physical = 1708 ; free virtual = 5583
---------------------------------------------------------------------------------
WARNING: [Synth 8-327] inferring latch for variable 'EN1_reg' [/home/maji/Videos/MIPS32/Division_Job/design/control_path.v:60]
WARNING: [Synth 8-327] inferring latch for variable 'LoadPC_reg' [/home/maji/Videos/MIPS32/Division_Job/design/control_path.v:60]
WARNING: [Synth 8-327] inferring latch for variable 'ResetPC_reg' [/home/maji/Videos/MIPS32/Division_Job/design/control_path.v:60]
WARNING: [Synth 8-327] inferring latch for variable 'EN_reg' [/home/maji/Videos/MIPS32/Division_Job/design/control_path.v:61]
WARNING: [Synth 8-327] inferring latch for variable 'R_reg' [/home/maji/Videos/MIPS32/Division_Job/design/control_path.v:61]
WARNING: [Synth 8-327] inferring latch for variable 'W_reg' [/home/maji/Videos/MIPS32/Division_Job/design/control_path.v:61]
WARNING: [Synth 8-327] inferring latch for variable 'Src1_reg' [/home/maji/Videos/MIPS32/Division_Job/design/control_path.v:62]
WARNING: [Synth 8-327] inferring latch for variable 'Src2_reg' [/home/maji/Videos/MIPS32/Division_Job/design/control_path.v:62]
WARNING: [Synth 8-327] inferring latch for variable 'SelComp_reg' [/home/maji/Videos/MIPS32/Division_Job/design/control_path.v:63]
WARNING: [Synth 8-327] inferring latch for variable 'SelSignal_reg' [/home/maji/Videos/MIPS32/Division_Job/design/control_path.v:65]
WARNING: [Synth 8-327] inferring latch for variable 'SelPC_reg' [/home/maji/Videos/MIPS32/Division_Job/design/control_path.v:65]
WARNING: [Synth 8-327] inferring latch for variable 'EN2_reg' [/home/maji/Videos/MIPS32/Division_Job/design/control_path.v:63]
WARNING: [Synth 8-327] inferring latch for variable 'WEA2_reg' [/home/maji/Videos/MIPS32/Division_Job/design/control_path.v:63]
WARNING: [Synth 8-327] inferring latch for variable 'LoadLMD_reg' [/home/maji/Videos/MIPS32/Division_Job/design/control_path.v:63]
WARNING: [Synth 8-327] inferring latch for variable 'WriteData_reg' [/home/maji/Videos/MIPS32/Division_Job/design/control_path.v:64]
WARNING: [Synth 8-327] inferring latch for variable 'WritePort_reg' [/home/maji/Videos/MIPS32/Division_Job/design/control_path.v:64]
WARNING: [Synth 8-327] inferring latch for variable 'isBranch_reg' [/home/maji/Videos/MIPS32/Division_Job/design/control_path.v:64]
WARNING: [Synth 8-327] inferring latch for variable 'reset_SD_reg' [/home/maji/Videos/MIPS32/Division_Job/design/control_path.v:55]
---------------------------------------------------------------------------------
Finished RTL Optimization Phase 2 : Time (s): cpu = 00:00:10 ; elapsed = 00:00:10 . Memory (MB): peak = 2416.520 ; gain = 680.250 ; free physical = 1668 ; free virtual = 5545
---------------------------------------------------------------------------------
---------------------------------------------------------------------------------
Start RTL Component Statistics 
---------------------------------------------------------------------------------
Detailed RTL Component Info : 
+---Adders : 
	   2 Input   32 Bit       Adders := 1     
	   2 Input    5 Bit       Adders := 2     
	   2 Input    4 Bit       Adders := 2     
+---XORs : 
	   2 Input      1 Bit         XORs := 608   
+---Registers : 
	               32 Bit    Registers := 22    
	                4 Bit    Registers := 1     
	                1 Bit    Registers := 1     
+---Muxes : 
	   2 Input   32 Bit        Muxes := 7     
	   2 Input   16 Bit        Muxes := 1     
	   2 Input   11 Bit        Muxes := 1     
	   2 Input    5 Bit        Muxes := 2     
	   2 Input    4 Bit        Muxes := 6     
	   4 Input    4 Bit        Muxes := 1     
	   2 Input    3 Bit        Muxes := 1     
	   2 Input    2 Bit        Muxes := 3     
	   2 Input    1 Bit        Muxes := 49    
	  12 Input    1 Bit        Muxes := 4     
	   5 Input    1 Bit        Muxes := 5     
	   3 Input    1 Bit        Muxes := 4     
	   6 Input    1 Bit        Muxes := 3     
	   7 Input    1 Bit        Muxes := 3     
	   4 Input    1 Bit        Muxes := 1     
	   8 Input    1 Bit        Muxes := 2     
	   9 Input    1 Bit        Muxes := 2     
---------------------------------------------------------------------------------
Finished RTL Component Statistics 
---------------------------------------------------------------------------------
---------------------------------------------------------------------------------
Start Part Resource Summary
---------------------------------------------------------------------------------
Part Resources:
DSPs: 240 (col length:80)
BRAMs: 270 (col length: RAMB18 80 RAMB36 40)
---------------------------------------------------------------------------------
Finished Part Resource Summary
---------------------------------------------------------------------------------
---------------------------------------------------------------------------------
Start Cross Boundary and Area Optimization
---------------------------------------------------------------------------------
WARNING: [Synth 8-7080] Parallel synthesis criteria is not met
WARNING: [Synth 8-7129] Port instr[26] in module control_path is either unconnected or has no load
WARNING: [Synth 8-7129] Port instr[25] in module control_path is either unconnected or has no load
WARNING: [Synth 8-7129] Port instr[24] in module control_path is either unconnected or has no load
WARNING: [Synth 8-7129] Port instr[23] in module control_path is either unconnected or has no load
WARNING: [Synth 8-7129] Port instr[22] in module control_path is either unconnected or has no load
WARNING: [Synth 8-7129] Port instr[21] in module control_path is either unconnected or has no load
WARNING: [Synth 8-7129] Port instr[20] in module control_path is either unconnected or has no load
WARNING: [Synth 8-7129] Port instr[19] in module control_path is either unconnected or has no load
WARNING: [Synth 8-7129] Port instr[18] in module control_path is either unconnected or has no load
WARNING: [Synth 8-7129] Port instr[17] in module control_path is either unconnected or has no load
WARNING: [Synth 8-7129] Port instr[16] in module control_path is either unconnected or has no load
WARNING: [Synth 8-7129] Port instr[15] in module control_path is either unconnected or has no load
WARNING: [Synth 8-7129] Port instr[14] in module control_path is either unconnected or has no load
WARNING: [Synth 8-7129] Port instr[13] in module control_path is either unconnected or has no load
WARNING: [Synth 8-7129] Port instr[12] in module control_path is either unconnected or has no load
WARNING: [Synth 8-7129] Port instr[11] in module control_path is either unconnected or has no load
WARNING: [Synth 8-7129] Port instr[10] in module control_path is either unconnected or has no load
WARNING: [Synth 8-7129] Port instr[9] in module control_path is either unconnected or has no load
WARNING: [Synth 8-7129] Port instr[8] in module control_path is either unconnected or has no load
WARNING: [Synth 8-7129] Port instr[7] in module control_path is either unconnected or has no load
WARNING: [Synth 8-7129] Port instr[6] in module control_path is either unconnected or has no load
WARNING: [Synth 8-7129] Port instr[5] in module control_path is either unconnected or has no load
WARNING: [Synth 8-7129] Port AB_comp[2] in module control_path is either unconnected or has no load
WARNING: [Synth 8-7129] Port AB_comp[1] in module control_path is either unconnected or has no load
---------------------------------------------------------------------------------
Finished Cross Boundary and Area Optimization : Time (s): cpu = 00:00:19 ; elapsed = 00:00:19 . Memory (MB): peak = 2416.520 ; gain = 680.250 ; free physical = 148 ; free virtual = 3971
---------------------------------------------------------------------------------
---------------------------------------------------------------------------------
Start Applying XDC Timing Constraints
---------------------------------------------------------------------------------
---------------------------------------------------------------------------------
Finished Applying XDC Timing Constraints : Time (s): cpu = 00:00:24 ; elapsed = 00:00:24 . Memory (MB): peak = 2416.520 ; gain = 680.250 ; free physical = 370 ; free virtual = 3668
---------------------------------------------------------------------------------
---------------------------------------------------------------------------------
Start Timing Optimization
---------------------------------------------------------------------------------
---------------------------------------------------------------------------------
Finished Timing Optimization : Time (s): cpu = 00:00:25 ; elapsed = 00:00:25 . Memory (MB): peak = 2416.520 ; gain = 680.250 ; free physical = 120 ; free virtual = 3280
---------------------------------------------------------------------------------
---------------------------------------------------------------------------------
Start Technology Mapping
---------------------------------------------------------------------------------
---------------------------------------------------------------------------------
Finished Technology Mapping : Time (s): cpu = 00:00:26 ; elapsed = 00:00:26 . Memory (MB): peak = 2416.520 ; gain = 680.250 ; free physical = 117 ; free virtual = 3249
---------------------------------------------------------------------------------
---------------------------------------------------------------------------------
Start IO Insertion
---------------------------------------------------------------------------------
---------------------------------------------------------------------------------
Start Flattening Before IO Insertion
---------------------------------------------------------------------------------
---------------------------------------------------------------------------------
Finished Flattening Before IO Insertion
---------------------------------------------------------------------------------
---------------------------------------------------------------------------------
Start Final Netlist Cleanup
---------------------------------------------------------------------------------
---------------------------------------------------------------------------------
Finished Final Netlist Cleanup
---------------------------------------------------------------------------------
---------------------------------------------------------------------------------
Finished IO Insertion : Time (s): cpu = 00:00:29 ; elapsed = 00:00:30 . Memory (MB): peak = 2416.520 ; gain = 680.250 ; free physical = 99 ; free virtual = 2688
---------------------------------------------------------------------------------
---------------------------------------------------------------------------------
Start Renaming Generated Instances
---------------------------------------------------------------------------------
---------------------------------------------------------------------------------
Finished Renaming Generated Instances : Time (s): cpu = 00:00:29 ; elapsed = 00:00:30 . Memory (MB): peak = 2416.520 ; gain = 680.250 ; free physical = 117 ; free virtual = 2687
---------------------------------------------------------------------------------
---------------------------------------------------------------------------------
Start Rebuilding User Hierarchy
---------------------------------------------------------------------------------
---------------------------------------------------------------------------------
Finished Rebuilding User Hierarchy : Time (s): cpu = 00:00:29 ; elapsed = 00:00:30 . Memory (MB): peak = 2416.520 ; gain = 680.250 ; free physical = 106 ; free virtual = 2620
---------------------------------------------------------------------------------
---------------------------------------------------------------------------------
Start Renaming Generated Ports
---------------------------------------------------------------------------------
---------------------------------------------------------------------------------
Finished Renaming Generated Ports : Time (s): cpu = 00:00:29 ; elapsed = 00:00:30 . Memory (MB): peak = 2416.520 ; gain = 680.250 ; free physical = 106 ; free virtual = 2620
---------------------------------------------------------------------------------
---------------------------------------------------------------------------------
Start Handling Custom Attributes
---------------------------------------------------------------------------------
---------------------------------------------------------------------------------
Finished Handling Custom Attributes : Time (s): cpu = 00:00:30 ; elapsed = 00:00:30 . Memory (MB): peak = 2416.520 ; gain = 680.250 ; free physical = 138 ; free virtual = 2622
---------------------------------------------------------------------------------
---------------------------------------------------------------------------------
Start Renaming Generated Nets
---------------------------------------------------------------------------------
---------------------------------------------------------------------------------
Finished Renaming Generated Nets : Time (s): cpu = 00:00:30 ; elapsed = 00:00:30 . Memory (MB): peak = 2416.520 ; gain = 680.250 ; free physical = 164 ; free virtual = 2615
---------------------------------------------------------------------------------
---------------------------------------------------------------------------------
Start Writing Synthesis Report
---------------------------------------------------------------------------------

Report BlackBoxes: 
+------+--------------+----------+
|      |BlackBox name |Instances |
+------+--------------+----------+
|1     |data_memory   |         1|
|2     |instr_memory  |         1|
+------+--------------+----------+

Report Cell Usage: 
+------+-------------+------+
|      |Cell         |Count |
+------+-------------+------+
|1     |data_memory  |     1|
|2     |instr_memory |     1|
|3     |BUFG         |     2|
|4     |CARRY4       |    27|
|5     |LUT1         |     2|
|6     |LUT2         |    37|
|7     |LUT3         |   131|
|8     |LUT4         |    83|
|9     |LUT5         |   295|
|10    |LUT6         |   639|
|11    |MUXF7        |   161|
|12    |MUXF8        |    64|
|13    |FDCE         |    33|
|14    |FDRE         |   654|
|15    |LD           |    14|
|16    |LDC          |     4|
|17    |LDCP         |     2|
|18    |IBUF         |     8|
|19    |OBUF         |    16|
+------+-------------+------+
---------------------------------------------------------------------------------
Finished Writing Synthesis Report : Time (s): cpu = 00:00:30 ; elapsed = 00:00:30 . Memory (MB): peak = 2416.520 ; gain = 680.250 ; free physical = 153 ; free virtual = 2595
---------------------------------------------------------------------------------
Synthesis finished with 0 errors, 0 critical warnings and 43 warnings.
Synthesis Optimization Runtime : Time (s): cpu = 00:00:28 ; elapsed = 00:00:28 . Memory (MB): peak = 2416.520 ; gain = 535.500 ; free physical = 286 ; free virtual = 2560
Synthesis Optimization Complete : Time (s): cpu = 00:00:30 ; elapsed = 00:00:30 . Memory (MB): peak = 2416.527 ; gain = 680.250 ; free physical = 285 ; free virtual = 2559
INFO: [Project 1-571] Translating synthesized netlist
Netlist sorting complete. Time (s): cpu = 00:00:00.02 ; elapsed = 00:00:00.02 . Memory (MB): peak = 2416.527 ; gain = 0.000 ; free physical = 484 ; free virtual = 2783
INFO: [Netlist 29-17] Analyzing 272 Unisim elements for replacement
INFO: [Netlist 29-28] Unisim Transformation completed in 0 CPU seconds
INFO: [Project 1-570] Preparing netlist for logic optimization
INFO: [Opt 31-138] Pushed 0 inverter(s) to 0 load pin(s).
Netlist sorting complete. Time (s): cpu = 00:00:00 ; elapsed = 00:00:00 . Memory (MB): peak = 2472.547 ; gain = 0.000 ; free physical = 99 ; free virtual = 2438
INFO: [Project 1-111] Unisim Transformation Summary:
  A total of 20 instances were transformed.
  LD => LDCE: 14 instances
  LDC => LDCE: 4 instances
  LDCP => LDCP (GND, LDCE, LUT3(x2), VCC): 2 instances

Synth Design complete | Checksum: e6d48374
INFO: [Common 17-83] Releasing license: Synthesis
107 Infos, 89 Warnings, 0 Critical Warnings and 0 Errors encountered.
synth_design completed successfully
synth_design: Time (s): cpu = 00:00:37 ; elapsed = 00:00:35 . Memory (MB): peak = 2472.547 ; gain = 1060.285 ; free physical = 96 ; free virtual = 2436
INFO: [Common 17-2834] synth_design peak Physical Memory [PSS] (MB): overall = 1817.460; main = 1483.978; forked = 333.482
INFO: [Common 17-2834] synth_design peak Virtual Memory [VSS] (MB): overall = 3442.082; main = 2472.551; forked = 1025.559
Write ShapeDB Complete: Time (s): cpu = 00:00:00 ; elapsed = 00:00:00.01 . Memory (MB): peak = 2496.559 ; gain = 0.000 ; free physical = 92 ; free virtual = 2432
INFO: [Common 17-1381] The checkpoint '/home/maji/Videos/MIPS32/Division_Job/project_1/project_1.runs/synth_1/top_module.dcp' has been generated.
INFO: [Vivado 12-24828] Executing command : report_utilization -file top_module_utilization_synth.rpt -pb top_module_utilization_synth.pb
INFO: [Common 17-206] Exiting Vivado at Wed Nov 13 14:58:47 2024...
